<?xml version="1.0" encoding="UTF-8"?>
<!-- Generated by org.testng.reporters.JUnitReportReporter -->
<testsuite hostname="LAPTOP-MSMSVM81" failures="0" tests="1" name="doc.Sample" time="31.558" errors="0" timestamp="2022-01-16T16:48:54 IST" skipped="0">
  <testcase classname="doc.Sample" name="f" time="31.558"/>
  <system-out/>
</testsuite> <!-- doc.Sample -->
